<?xml version="1.0" encoding="UTF-8"?>
<!-- Generated by org.testng.reporters.JUnitXMLReporter -->
<testsuite ignored="0" hostname="LAPTOP-5P15D2CV" failures="1" tests="3" name="BasePage-BaseTest-Demo" time="12.298" errors="0" timestamp="2026-03-17T14:45:58 GMT+07:00">
  <testcase classname="tests.DemoBaseTest" name="testLoginButtonAttribute" time="0.802"/>
  <testcase classname="tests.DemoBaseTest" name="testFailToCheckScreenshot" time="0.566">
    <failure type="java.lang.AssertionError" message="Co tinh fail de kiem tra screenshot expected [Sign In] but found [Login]">
      <![CDATA[java.lang.AssertionError: Co tinh fail de kiem tra screenshot expected [Sign In] but found [Login]
at tests.DemoBaseTest.testFailToCheckScreenshot(DemoBaseTest.java:39)
at java.base/java.util.concurrent.Executors$RunnableAdapter.call(Executors.java:572)
at java.base/java.util.concurrent.FutureTask.run(FutureTask.java:317)
at java.base/java.util.concurrent.ThreadPoolExecutor.runWorker(ThreadPoolExecutor.java:1144)
at java.base/java.util.concurrent.ThreadPoolExecutor$Worker.run(ThreadPoolExecutor.java:642)
at java.base/java.lang.Thread.run(Thread.java:1575)
... Removed 16 stack frames]]>
    </failure>
  </testcase> <!-- testFailToCheckScreenshot -->
  <testcase classname="tests.DemoBaseTest" name="testLockedOutUserShowsError" time="3.022"/>
</testsuite> <!-- BasePage-BaseTest-Demo -->
