<?xml version="1.0" encoding="UTF-8"?>
<testng-results ignored="0" total="7" passed="6" failed="1" skipped="0">
  <reporter-output>
  </reporter-output>
  <suite started-at="2026-03-17T15:39:15 GMT+07:00" name="Lab9-Bai2-Suite" finished-at="2026-03-17T15:39:49 GMT+07:00" duration-ms="33636">
    <groups>
    </groups>
    <test started-at="2026-03-17T15:39:15 GMT+07:00" name="Login-Tests" finished-at="2026-03-17T15:39:24 GMT+07:00" duration-ms="8603">
      <class name="tests.LoginTest">
        <test-method is-config="true" signature="setUp(java.lang.String,java.lang.String)[pri:0, instance:tests.LoginTest@bcec361]" started-at="2026-03-17T15:39:15 GMT+07:00" name="setUp" finished-at="2026-03-17T15:39:17 GMT+07:00" duration-ms="2308" status="PASS">
          <params>
            <param index="0">
              <value>
                <![CDATA[chrome]]>
              </value>
            </param>
            <param index="1">
              <value>
                <![CDATA[dev]]>
              </value>
            </param>
          </params>
          <reporter-output>
          </reporter-output>
        </test-method> <!-- setUp -->
        <test-method signature="testLockedOutUserShowsError()[pri:0, instance:tests.LoginTest@bcec361]" started-at="2026-03-17T15:39:17 GMT+07:00" name="testLockedOutUserShowsError" finished-at="2026-03-17T15:39:18 GMT+07:00" duration-ms="606" status="PASS">
          <reporter-output>
          </reporter-output>
        </test-method> <!-- testLockedOutUserShowsError -->
        <test-method is-config="true" signature="tearDown(org.testng.ITestResult)[pri:0, instance:tests.LoginTest@bcec361]" started-at="2026-03-17T15:39:18 GMT+07:00" name="tearDown" finished-at="2026-03-17T15:39:18 GMT+07:00" duration-ms="328" status="PASS">
          <params>
            <param index="0">
              <value>
                <![CDATA[[TestResult name=testLockedOutUserShowsError status=SUCCESS method=LoginTest.testLockedOutUserShowsError()[pri:0, instance:tests.LoginTest@bcec361] output={null}]]]>
              </value>
            </param>
          </params>
          <reporter-output>
          </reporter-output>
        </test-method> <!-- tearDown -->
        <test-method is-config="true" signature="setUp(java.lang.String,java.lang.String)[pri:0, instance:tests.LoginTest@bcec361]" started-at="2026-03-17T15:39:18 GMT+07:00" name="setUp" finished-at="2026-03-17T15:39:20 GMT+07:00" duration-ms="1662" status="PASS">
          <params>
            <param index="0">
              <value>
                <![CDATA[chrome]]>
              </value>
            </param>
            <param index="1">
              <value>
                <![CDATA[dev]]>
              </value>
            </param>
          </params>
          <reporter-output>
          </reporter-output>
        </test-method> <!-- setUp -->
        <test-method signature="testValidLoginSuccess()[pri:0, instance:tests.LoginTest@bcec361]" started-at="2026-03-17T15:39:20 GMT+07:00" name="testValidLoginSuccess" finished-at="2026-03-17T15:39:21 GMT+07:00" duration-ms="817" status="PASS">
          <reporter-output>
          </reporter-output>
        </test-method> <!-- testValidLoginSuccess -->
        <test-method is-config="true" signature="tearDown(org.testng.ITestResult)[pri:0, instance:tests.LoginTest@bcec361]" started-at="2026-03-17T15:39:21 GMT+07:00" name="tearDown" finished-at="2026-03-17T15:39:21 GMT+07:00" duration-ms="303" status="PASS">
          <params>
            <param index="0">
              <value>
                <![CDATA[[TestResult name=testValidLoginSuccess status=SUCCESS method=LoginTest.testValidLoginSuccess()[pri:0, instance:tests.LoginTest@bcec361] output={null}]]]>
              </value>
            </param>
          </params>
          <reporter-output>
          </reporter-output>
        </test-method> <!-- tearDown -->
        <test-method is-config="true" signature="setUp(java.lang.String,java.lang.String)[pri:0, instance:tests.LoginTest@bcec361]" started-at="2026-03-17T15:39:21 GMT+07:00" name="setUp" finished-at="2026-03-17T15:39:23 GMT+07:00" duration-ms="1738" status="PASS">
          <params>
            <param index="0">
              <value>
                <![CDATA[chrome]]>
              </value>
            </param>
            <param index="1">
              <value>
                <![CDATA[dev]]>
              </value>
            </param>
          </params>
          <reporter-output>
          </reporter-output>
        </test-method> <!-- setUp -->
        <test-method signature="testWrongPasswordShowsError()[pri:0, instance:tests.LoginTest@bcec361]" started-at="2026-03-17T15:39:23 GMT+07:00" name="testWrongPasswordShowsError" finished-at="2026-03-17T15:39:23 GMT+07:00" duration-ms="530" status="PASS">
          <reporter-output>
          </reporter-output>
        </test-method> <!-- testWrongPasswordShowsError -->
        <test-method is-config="true" signature="tearDown(org.testng.ITestResult)[pri:0, instance:tests.LoginTest@bcec361]" started-at="2026-03-17T15:39:23 GMT+07:00" name="tearDown" finished-at="2026-03-17T15:39:24 GMT+07:00" duration-ms="254" status="PASS">
          <params>
            <param index="0">
              <value>
                <![CDATA[[TestResult name=testWrongPasswordShowsError status=SUCCESS method=LoginTest.testWrongPasswordShowsError()[pri:0, instance:tests.LoginTest@bcec361] output={null}]]]>
              </value>
            </param>
          </params>
          <reporter-output>
          </reporter-output>
        </test-method> <!-- tearDown -->
      </class> <!-- tests.LoginTest -->
    </test> <!-- Login-Tests -->
    <test started-at="2026-03-17T15:39:24 GMT+07:00" name="Cart-Tests" finished-at="2026-03-17T15:39:49 GMT+07:00" duration-ms="25010">
      <class name="tests.CartTest">
        <test-method is-config="true" signature="setUp(java.lang.String,java.lang.String)[pri:0, instance:tests.CartTest@291b4bf5]" started-at="2026-03-17T15:39:24 GMT+07:00" name="setUp" finished-at="2026-03-17T15:39:25 GMT+07:00" duration-ms="1528" status="PASS">
          <params>
            <param index="0">
              <value>
                <![CDATA[chrome]]>
              </value>
            </param>
            <param index="1">
              <value>
                <![CDATA[dev]]>
              </value>
            </param>
          </params>
          <reporter-output>
          </reporter-output>
        </test-method> <!-- setUp -->
        <test-method signature="testAddItemByName()[pri:0, instance:tests.CartTest@291b4bf5]" started-at="2026-03-17T15:39:25 GMT+07:00" name="testAddItemByName" finished-at="2026-03-17T15:39:31 GMT+07:00" duration-ms="5515" status="FAIL">
          <exception class="org.openqa.selenium.NoSuchElementException">
            <message>
              <![CDATA[no such element: Unable to locate element: {"method":"xpath","selector":"//div[@class='inventory_item_name' and text()='Sauce Labs Backpack']/ancestor::div[@class='inventory_item']//button"}
  (Session info: chrome=145.0.7632.160)
For documentation on this error, please visit: https://www.selenium.dev/documentation/webdriver/troubleshooting/errors#no-such-element-exception
Build info: version: '4.18.1', revision: 'b1d3319b48'
System info: os.name: 'Windows 10', os.arch: 'amd64', os.version: '10.0', java.version: '23'
Driver info: org.openqa.selenium.chrome.ChromeDriver
Command: [d5b418a2fe163cb2dd54892f75d7cfb3, findElement {value=//div[@class='inventory_item_name' and text()='Sauce Labs Backpack']/ancestor::div[@class='inventory_item']//button, using=xpath}]
Capabilities {acceptInsecureCerts: false, browserName: chrome, browserVersion: 145.0.7632.160, chrome: {chromedriverVersion: 145.0.7632.117 (de4e5d6e13b..., userDataDir: C:\Users\nhung\AppData\Loca...}, fedcm:accounts: true, goog:chromeOptions: {debuggerAddress: localhost:55231}, goog:processID: 29292, networkConnectionEnabled: false, pageLoadStrategy: normal, platformName: windows, proxy: Proxy(), se:cdp: ws://localhost:55231/devtoo..., se:cdpVersion: 145.0.7632.160, setWindowRect: true, strictFileInteractability: false, timeouts: {implicit: 0, pageLoad: 300000, script: 30000}, unhandledPromptBehavior: dismiss and notify, webauthn:extension:credBlob: true, webauthn:extension:largeBlob: true, webauthn:extension:minPinLength: true, webauthn:extension:prf: true, webauthn:virtualAuthenticators: true}
Session ID: d5b418a2fe163cb2dd54892f75d7cfb3]]>
            </message>
            <full-stacktrace>
              <![CDATA[org.openqa.selenium.NoSuchElementException: no such element: Unable to locate element: {"method":"xpath","selector":"//div[@class='inventory_item_name' and text()='Sauce Labs Backpack']/ancestor::div[@class='inventory_item']//button"}
  (Session info: chrome=145.0.7632.160)
For documentation on this error, please visit: https://www.selenium.dev/documentation/webdriver/troubleshooting/errors#no-such-element-exception
Build info: version: '4.18.1', revision: 'b1d3319b48'
System info: os.name: 'Windows 10', os.arch: 'amd64', os.version: '10.0', java.version: '23'
Driver info: org.openqa.selenium.chrome.ChromeDriver
Command: [d5b418a2fe163cb2dd54892f75d7cfb3, findElement {value=//div[@class='inventory_item_name' and text()='Sauce Labs Backpack']/ancestor::div[@class='inventory_item']//button, using=xpath}]
Capabilities {acceptInsecureCerts: false, browserName: chrome, browserVersion: 145.0.7632.160, chrome: {chromedriverVersion: 145.0.7632.117 (de4e5d6e13b..., userDataDir: C:\Users\nhung\AppData\Loca...}, fedcm:accounts: true, goog:chromeOptions: {debuggerAddress: localhost:55231}, goog:processID: 29292, networkConnectionEnabled: false, pageLoadStrategy: normal, platformName: windows, proxy: Proxy(), se:cdp: ws://localhost:55231/devtoo..., se:cdpVersion: 145.0.7632.160, setWindowRect: true, strictFileInteractability: false, timeouts: {implicit: 0, pageLoad: 300000, script: 30000}, unhandledPromptBehavior: dismiss and notify, webauthn:extension:credBlob: true, webauthn:extension:largeBlob: true, webauthn:extension:minPinLength: true, webauthn:extension:prf: true, webauthn:virtualAuthenticators: true}
Session ID: d5b418a2fe163cb2dd54892f75d7cfb3
at java.base/jdk.internal.reflect.DirectConstructorHandleAccessor.newInstance(DirectConstructorHandleAccessor.java:62)
at java.base/java.lang.reflect.Constructor.newInstanceWithCaller(Constructor.java:501)
at java.base/java.lang.reflect.Constructor.newInstance(Constructor.java:485)
at org.openqa.selenium.remote.ErrorCodec.decode(ErrorCodec.java:167)
at org.openqa.selenium.remote.codec.w3c.W3CHttpResponseCodec.decode(W3CHttpResponseCodec.java:138)
at org.openqa.selenium.remote.codec.w3c.W3CHttpResponseCodec.decode(W3CHttpResponseCodec.java:50)
at org.openqa.selenium.remote.HttpCommandExecutor.execute(HttpCommandExecutor.java:190)
at org.openqa.selenium.remote.service.DriverCommandExecutor.invokeExecute(DriverCommandExecutor.java:216)
at org.openqa.selenium.remote.service.DriverCommandExecutor.execute(DriverCommandExecutor.java:174)
at org.openqa.selenium.remote.RemoteWebDriver.execute(RemoteWebDriver.java:519)
at org.openqa.selenium.remote.ElementLocation$ElementFinder$2.findElement(ElementLocation.java:165)
at org.openqa.selenium.remote.ElementLocation.findElement(ElementLocation.java:59)
at org.openqa.selenium.remote.RemoteWebDriver.findElement(RemoteWebDriver.java:356)
at org.openqa.selenium.remote.RemoteWebDriver.findElement(RemoteWebDriver.java:350)
at framework.pages.InventoryPage.addItemByName(InventoryPage.java:36)
at tests.CartTest.testAddItemByName(CartTest.java:30)
at java.base/jdk.internal.reflect.DirectMethodHandleAccessor.invoke(DirectMethodHandleAccessor.java:103)
at java.base/java.lang.reflect.Method.invoke(Method.java:580)
at org.testng.internal.invokers.MethodInvocationHelper.invokeMethod(MethodInvocationHelper.java:139)
at org.testng.internal.invokers.TestInvoker.invokeMethod(TestInvoker.java:664)
at org.testng.internal.invokers.TestInvoker.invokeTestMethod(TestInvoker.java:228)
at org.testng.internal.invokers.MethodRunner.runInSequence(MethodRunner.java:63)
at org.testng.internal.invokers.TestInvoker$MethodInvocationAgent.invoke(TestInvoker.java:961)
at org.testng.internal.invokers.TestInvoker.invokeTestMethods(TestInvoker.java:201)
at org.testng.internal.invokers.TestMethodWorker.invokeTestMethods(TestMethodWorker.java:148)
at org.testng.internal.invokers.TestMethodWorker.run(TestMethodWorker.java:128)
at java.base/java.util.ArrayList.forEach(ArrayList.java:1597)
at org.testng.TestRunner.privateRun(TestRunner.java:819)
at org.testng.TestRunner.run(TestRunner.java:619)
at org.testng.SuiteRunner.runTest(SuiteRunner.java:443)
at org.testng.SuiteRunner.runSequentially(SuiteRunner.java:437)
at org.testng.SuiteRunner.privateRun(SuiteRunner.java:397)
at org.testng.SuiteRunner.run(SuiteRunner.java:336)
at org.testng.SuiteRunnerWorker.runSuite(SuiteRunnerWorker.java:52)
at org.testng.SuiteRunnerWorker.run(SuiteRunnerWorker.java:95)
at org.testng.TestNG.runSuitesSequentially(TestNG.java:1301)
at org.testng.TestNG.runSuitesLocally(TestNG.java:1228)
at org.testng.TestNG.runSuites(TestNG.java:1134)
at org.testng.TestNG.run(TestNG.java:1101)
at org.testng.remote.AbstractRemoteTestNG.run(AbstractRemoteTestNG.java:115)
at org.testng.remote.RemoteTestNG.initAndRun(RemoteTestNG.java:293)
at org.testng.remote.RemoteTestNG.main(RemoteTestNG.java:91)
]]>
            </full-stacktrace>
          </exception> <!-- org.openqa.selenium.NoSuchElementException -->
          <reporter-output>
          </reporter-output>
        </test-method> <!-- testAddItemByName -->
        <test-method is-config="true" signature="tearDown(org.testng.ITestResult)[pri:0, instance:tests.CartTest@291b4bf5]" started-at="2026-03-17T15:39:31 GMT+07:00" name="tearDown" finished-at="2026-03-17T15:39:31 GMT+07:00" duration-ms="399" status="PASS">
          <params>
            <param index="0">
              <value>
                <![CDATA[[TestResult name=testAddItemByName status=FAILURE method=CartTest.testAddItemByName()[pri:0, instance:tests.CartTest@291b4bf5] output={null}]]]>
              </value>
            </param>
          </params>
          <reporter-output>
          </reporter-output>
        </test-method> <!-- tearDown -->
        <test-method is-config="true" signature="setUp(java.lang.String,java.lang.String)[pri:0, instance:tests.CartTest@291b4bf5]" started-at="2026-03-17T15:39:31 GMT+07:00" name="setUp" finished-at="2026-03-17T15:39:33 GMT+07:00" duration-ms="1504" status="PASS">
          <params>
            <param index="0">
              <value>
                <![CDATA[chrome]]>
              </value>
            </param>
            <param index="1">
              <value>
                <![CDATA[dev]]>
              </value>
            </param>
          </params>
          <reporter-output>
          </reporter-output>
        </test-method> <!-- setUp -->
        <test-method signature="testEmptyCartReturnsZero()[pri:0, instance:tests.CartTest@291b4bf5]" started-at="2026-03-17T15:39:33 GMT+07:00" name="testEmptyCartReturnsZero" finished-at="2026-03-17T15:39:38 GMT+07:00" duration-ms="5653" status="PASS">
          <reporter-output>
          </reporter-output>
        </test-method> <!-- testEmptyCartReturnsZero -->
        <test-method is-config="true" signature="tearDown(org.testng.ITestResult)[pri:0, instance:tests.CartTest@291b4bf5]" started-at="2026-03-17T15:39:38 GMT+07:00" name="tearDown" finished-at="2026-03-17T15:39:38 GMT+07:00" duration-ms="231" status="PASS">
          <params>
            <param index="0">
              <value>
                <![CDATA[[TestResult name=testEmptyCartReturnsZero status=SUCCESS method=CartTest.testEmptyCartReturnsZero()[pri:0, instance:tests.CartTest@291b4bf5] output={null}]]]>
              </value>
            </param>
          </params>
          <reporter-output>
          </reporter-output>
        </test-method> <!-- tearDown -->
        <test-method is-config="true" signature="setUp(java.lang.String,java.lang.String)[pri:0, instance:tests.CartTest@291b4bf5]" started-at="2026-03-17T15:39:38 GMT+07:00" name="setUp" finished-at="2026-03-17T15:39:40 GMT+07:00" duration-ms="1520" status="PASS">
          <params>
            <param index="0">
              <value>
                <![CDATA[chrome]]>
              </value>
            </param>
            <param index="1">
              <value>
                <![CDATA[dev]]>
              </value>
            </param>
          </params>
          <reporter-output>
          </reporter-output>
        </test-method> <!-- setUp -->
        <test-method signature="testFluentInterfaceAddFirstItemAndGoToCart()[pri:0, instance:tests.CartTest@291b4bf5]" started-at="2026-03-17T15:39:40 GMT+07:00" name="testFluentInterfaceAddFirstItemAndGoToCart" finished-at="2026-03-17T15:39:41 GMT+07:00" duration-ms="789" status="PASS">
          <reporter-output>
          </reporter-output>
        </test-method> <!-- testFluentInterfaceAddFirstItemAndGoToCart -->
        <test-method is-config="true" signature="tearDown(org.testng.ITestResult)[pri:0, instance:tests.CartTest@291b4bf5]" started-at="2026-03-17T15:39:41 GMT+07:00" name="tearDown" finished-at="2026-03-17T15:39:41 GMT+07:00" duration-ms="215" status="PASS">
          <params>
            <param index="0">
              <value>
                <![CDATA[[TestResult name=testFluentInterfaceAddFirstItemAndGoToCart status=SUCCESS method=CartTest.testFluentInterfaceAddFirstItemAndGoToCart()[pri:0, instance:tests.CartTest@291b4bf5] output={null}]]]>
              </value>
            </param>
          </params>
          <reporter-output>
          </reporter-output>
        </test-method> <!-- tearDown -->
        <test-method is-config="true" signature="setUp(java.lang.String,java.lang.String)[pri:0, instance:tests.CartTest@291b4bf5]" started-at="2026-03-17T15:39:41 GMT+07:00" name="setUp" finished-at="2026-03-17T15:39:43 GMT+07:00" duration-ms="1576" status="PASS">
          <params>
            <param index="0">
              <value>
                <![CDATA[chrome]]>
              </value>
            </param>
            <param index="1">
              <value>
                <![CDATA[dev]]>
              </value>
            </param>
          </params>
          <reporter-output>
          </reporter-output>
        </test-method> <!-- setUp -->
        <test-method signature="testRemoveFirstItem()[pri:0, instance:tests.CartTest@291b4bf5]" started-at="2026-03-17T15:39:43 GMT+07:00" name="testRemoveFirstItem" finished-at="2026-03-17T15:39:48 GMT+07:00" duration-ms="5808" status="PASS">
          <reporter-output>
          </reporter-output>
        </test-method> <!-- testRemoveFirstItem -->
        <test-method is-config="true" signature="tearDown(org.testng.ITestResult)[pri:0, instance:tests.CartTest@291b4bf5]" started-at="2026-03-17T15:39:48 GMT+07:00" name="tearDown" finished-at="2026-03-17T15:39:49 GMT+07:00" duration-ms="254" status="PASS">
          <params>
            <param index="0">
              <value>
                <![CDATA[[TestResult name=testRemoveFirstItem status=SUCCESS method=CartTest.testRemoveFirstItem()[pri:0, instance:tests.CartTest@291b4bf5] output={null}]]]>
              </value>
            </param>
          </params>
          <reporter-output>
          </reporter-output>
        </test-method> <!-- tearDown -->
      </class> <!-- tests.CartTest -->
    </test> <!-- Cart-Tests -->
  </suite> <!-- Lab9-Bai2-Suite -->
</testng-results>
