<?xml version="1.0" encoding="UTF-8"?>
<!-- Generated by org.testng.reporters.JUnitXMLReporter -->
<testsuite ignored="0" hostname="LAPTOP-5P15D2CV" failures="0" tests="3" name="Login-Tests" time="8.603" errors="0" timestamp="2026-03-17T15:39:24 GMT+07:00">
  <testcase classname="tests.LoginTest" name="testLockedOutUserShowsError" time="0.606"/>
  <testcase classname="tests.LoginTest" name="testValidLoginSuccess" time="0.817"/>
  <testcase classname="tests.LoginTest" name="testWrongPasswordShowsError" time="0.53"/>
</testsuite> <!-- Login-Tests -->
