<?xml version="1.0" encoding="UTF-8"?>
<!-- Generated by org.testng.reporters.JUnitReportReporter -->
<testsuite hostname="LAPTOP-5P15D2CV" failures="0" tests="3" name="tests.LoginTest" time="8.546" errors="0" timestamp="2026-03-17T15:39:49 GMT+07:00" skipped="0">
  <testcase classname="tests.LoginTest" name="testWrongPasswordShowsError" time="2.520"/>
  <testcase classname="tests.LoginTest" name="testValidLoginSuccess" time="3.428"/>
  <testcase classname="tests.LoginTest" name="testLockedOutUserShowsError" time="2.598"/>
</testsuite> <!-- tests.LoginTest -->
